

Microchip MPLAB XC8 Assembler V2.40 build 20220703182018 
                                                                                               Mon Apr 24 22:29:44 2023

Microchip MPLAB XC8 C Compiler v2.40 (Free license) build 20220703182018 Og1 
     1                           	processor	16F887
     2                           	pagewidth 120
     3                           	opt	flic
     4                           	psect	cinit,global,class=CODE,merge=1,delta=2
     5                           	psect	bssCOMMON,global,class=COMMON,space=1,delta=1,noexec
     6                           	psect	cstackCOMMON,global,class=COMMON,space=1,delta=1,noexec
     7                           	psect	cstackBANK0,global,class=BANK0,space=1,delta=1,noexec
     8                           	psect	maintext,global,class=CODE,split=1,delta=2
     9                           	psect	text1,local,class=CODE,merge=1,delta=2
    10                           	psect	text2,local,class=CODE,merge=1,delta=2
    11                           	psect	intentry,global,class=CODE,delta=2
    12                           	psect	text3,local,class=CODE,merge=1,delta=2
    13                           	psect	text4,local,class=CODE,merge=1,delta=2
    14                           	psect	idloc,global,abs,ovrld,class=IDLOC,space=5,delta=2,noexec
    15                           	psect	config,global,abs,ovrld,class=CONFIG,space=4,delta=2,noexec
    16                           	dabs	1,0x7E,2
    17     0000                     
    18                           ; Version 2.40
    19                           ; Generated 17/11/2021 GMT
    20                           ; 
    21                           ; Copyright © 2021, Microchip Technology Inc. and its subsidiaries ("Microchip")
    22                           ; All rights reserved.
    23                           ; 
    24                           ; This software is developed by Microchip Technology Inc. and its subsidiaries ("Microch
      +                          ip").
    25                           ; 
    26                           ; Redistribution and use in source and binary forms, with or without modification, are
    27                           ; permitted provided that the following conditions are met:
    28                           ; 
    29                           ;     1. Redistributions of source code must retain the above copyright notice, this lis
      +                          t of
    30                           ;        conditions and the following disclaimer.
    31                           ; 
    32                           ;     2. Redistributions in binary form must reproduce the above copyright notice, this 
      +                          list
    33                           ;        of conditions and the following disclaimer in the documentation and/or other
    34                           ;        materials provided with the distribution. Publication is not required when
    35                           ;        this file is used in an embedded application.
    36                           ; 
    37                           ;     3. Microchip's name may not be used to endorse or promote products derived from th
      +                          is
    38                           ;        software without specific prior written permission.
    39                           ; 
    40                           ; THIS SOFTWARE IS PROVIDED BY MICROCHIP "AS IS" AND ANY EXPRESS OR IMPLIED WARRANTIES,
    41                           ; INCLUDING, BUT NOT LIMITED TO, THE IMPLIED WARRANTIES OF MERCHANTABILITY AND FITNESS F
      +                          OR
    42                           ; PURPOSE ARE DISCLAIMED.  IN NO EVENT SHALL MICROCHIP BE LIABLE FOR ANY DIRECT, INDIREC
      +                          T,
    43                           ; INCIDENTAL, SPECIAL, EXEMPLARY, OR CONSEQUENTIAL DAMAGES (INCLUDING BUT NOT LIMITED TO
    44                           ; PROCUREMENT OF SUBSTITUTE GOODS OR SERVICES; LOSS OF USE, DATA OR PROFITS; OR BUSINESS
    45                           ; INTERRUPTION) HOWSOEVER CAUSED AND ON ANY THEORY OF LIABILITY, WHETHER IN CONTRACT, ST
      +                          RICT
    46                           ; LIABILITY, OR TORT (INCLUDING NEGLIGENCE OR OTHERWISE) ARISING IN ANY WAY OUT OF THE U
      +                          SE OF
    47                           ; THIS SOFTWARE, EVEN IF ADVISED OF THE POSSIBILITY OF SUCH DAMAGE.
    48                           ; 
    49                           ; 
    50                           ; Code-generator required, PIC16F887 Definitions
    51                           ; 
    52                           ; SFR Addresses
    53     0000                     	;# 
    54     0001                     	;# 
    55     0002                     	;# 
    56     0003                     	;# 
    57     0004                     	;# 
    58     0005                     	;# 
    59     0006                     	;# 
    60     0007                     	;# 
    61     0008                     	;# 
    62     0009                     	;# 
    63     000A                     	;# 
    64     000B                     	;# 
    65     000C                     	;# 
    66     000D                     	;# 
    67     000E                     	;# 
    68     000E                     	;# 
    69     000F                     	;# 
    70     0010                     	;# 
    71     0011                     	;# 
    72     0012                     	;# 
    73     0013                     	;# 
    74     0014                     	;# 
    75     0015                     	;# 
    76     0015                     	;# 
    77     0016                     	;# 
    78     0017                     	;# 
    79     0018                     	;# 
    80     0019                     	;# 
    81     001A                     	;# 
    82     001B                     	;# 
    83     001B                     	;# 
    84     001C                     	;# 
    85     001D                     	;# 
    86     001E                     	;# 
    87     001F                     	;# 
    88     0081                     	;# 
    89     0085                     	;# 
    90     0086                     	;# 
    91     0087                     	;# 
    92     0088                     	;# 
    93     0089                     	;# 
    94     008C                     	;# 
    95     008D                     	;# 
    96     008E                     	;# 
    97     008F                     	;# 
    98     0090                     	;# 
    99     0091                     	;# 
   100     0092                     	;# 
   101     0093                     	;# 
   102     0093                     	;# 
   103     0093                     	;# 
   104     0094                     	;# 
   105     0095                     	;# 
   106     0096                     	;# 
   107     0097                     	;# 
   108     0098                     	;# 
   109     0099                     	;# 
   110     009A                     	;# 
   111     009B                     	;# 
   112     009C                     	;# 
   113     009D                     	;# 
   114     009E                     	;# 
   115     009F                     	;# 
   116     0105                     	;# 
   117     0107                     	;# 
   118     0108                     	;# 
   119     0109                     	;# 
   120     010C                     	;# 
   121     010C                     	;# 
   122     010D                     	;# 
   123     010E                     	;# 
   124     010F                     	;# 
   125     0185                     	;# 
   126     0187                     	;# 
   127     0188                     	;# 
   128     0189                     	;# 
   129     018C                     	;# 
   130     018D                     	;# 
   131     0000                     	;# 
   132     0001                     	;# 
   133     0002                     	;# 
   134     0003                     	;# 
   135     0004                     	;# 
   136     0005                     	;# 
   137     0006                     	;# 
   138     0007                     	;# 
   139     0008                     	;# 
   140     0009                     	;# 
   141     000A                     	;# 
   142     000B                     	;# 
   143     000C                     	;# 
   144     000D                     	;# 
   145     000E                     	;# 
   146     000E                     	;# 
   147     000F                     	;# 
   148     0010                     	;# 
   149     0011                     	;# 
   150     0012                     	;# 
   151     0013                     	;# 
   152     0014                     	;# 
   153     0015                     	;# 
   154     0015                     	;# 
   155     0016                     	;# 
   156     0017                     	;# 
   157     0018                     	;# 
   158     0019                     	;# 
   159     001A                     	;# 
   160     001B                     	;# 
   161     001B                     	;# 
   162     001C                     	;# 
   163     001D                     	;# 
   164     001E                     	;# 
   165     001F                     	;# 
   166     0081                     	;# 
   167     0085                     	;# 
   168     0086                     	;# 
   169     0087                     	;# 
   170     0088                     	;# 
   171     0089                     	;# 
   172     008C                     	;# 
   173     008D                     	;# 
   174     008E                     	;# 
   175     008F                     	;# 
   176     0090                     	;# 
   177     0091                     	;# 
   178     0092                     	;# 
   179     0093                     	;# 
   180     0093                     	;# 
   181     0093                     	;# 
   182     0094                     	;# 
   183     0095                     	;# 
   184     0096                     	;# 
   185     0097                     	;# 
   186     0098                     	;# 
   187     0099                     	;# 
   188     009A                     	;# 
   189     009B                     	;# 
   190     009C                     	;# 
   191     009D                     	;# 
   192     009E                     	;# 
   193     009F                     	;# 
   194     0105                     	;# 
   195     0107                     	;# 
   196     0108                     	;# 
   197     0109                     	;# 
   198     010C                     	;# 
   199     010C                     	;# 
   200     010D                     	;# 
   201     010E                     	;# 
   202     010F                     	;# 
   203     0185                     	;# 
   204     0187                     	;# 
   205     0188                     	;# 
   206     0189                     	;# 
   207     018C                     	;# 
   208     018D                     	;# 
   209     0012                     _T2CONbits	set	18
   210     0009                     _PORTE	set	9
   211     0006                     _PORTB	set	6
   212     0008                     _PORTD	set	8
   213     0006                     _PORTBbits	set	6
   214     000B                     _INTCONbits	set	11
   215     001E                     _ADRESH	set	30
   216     0007                     _PORTC	set	7
   217     001F                     _ADCON0bits	set	31
   218     000C                     _PIR1bits	set	12
   219     000D                     _PIR2bits	set	13
   220     000B                     _INTCON	set	11
   221     0030                     _RB0	set	48
   222     0032                     _RB2	set	50
   223     0031                     _RB1	set	49
   224     008C                     _PIE1bits	set	140
   225     009F                     _ADCON1bits	set	159
   226     008F                     _OSCCONbits	set	143
   227     0096                     _IOCB	set	150
   228     0095                     _WPUB	set	149
   229     0081                     _OPTION_REGbits	set	129
   230     0089                     _TRISE	set	137
   231     0088                     _TRISD	set	136
   232     0086                     _TRISB	set	134
   233     0087                     _TRISC	set	135
   234     010C                     _EEDATA	set	268
   235     010D                     _EEADR	set	269
   236     0189                     _ANSELH	set	393
   237     0188                     _ANSEL	set	392
   238     018D                     _EECON2	set	397
   239     018C                     _EECON1bits	set	396
   240                           
   241                           	psect	cinit
   242     000F                     start_initialization:	
   243                           ; #config settings
   244                           
   245     000F                     __initialization:
   246                           
   247                           ; Clear objects allocated to COMMON
   248     000F  01F7               	clrf	__pbssCOMMON& (0+127)
   249     0010  01F8               	clrf	(__pbssCOMMON+1)& (0+127)
   250     0011  01F9               	clrf	(__pbssCOMMON+2)& (0+127)
   251     0012  01FA               	clrf	(__pbssCOMMON+3)& (0+127)
   252     0013                     end_of_initialization:	
   253                           ;End of C runtime variable initialization code
   254                           
   255     0013                     __end_of__initialization:
   256     0013  0183               	clrf	3
   257     0014  120A  118A  286F   	ljmp	_main	;jump to C main() function
   258                           
   259                           	psect	bssCOMMON
   260     0077                     __pbssCOMMON:
   261     0077                     _valpot:
   262     0077                     	ds	2
   263     0079                     _valadr:
   264     0079                     	ds	2
   265                           
   266                           	psect	cstackCOMMON
   267     0070                     __pcstackCOMMON:
   268     0070                     ?_setup:
   269     0070                     ?_readEEPROM:	
   270                           ; 1 bytes @ 0x0
   271                           
   272     0070                     ??_readEEPROM:	
   273                           ; 1 bytes @ 0x0
   274                           
   275     0070                     ?_writeEEPROM:	
   276                           ; 1 bytes @ 0x0
   277                           
   278     0070                     ?_isr:	
   279                           ; 1 bytes @ 0x0
   280                           
   281     0070                     ?_main:	
   282                           ; 1 bytes @ 0x0
   283                           
   284     0070                     readEEPROM@address:	
   285                           ; 1 bytes @ 0x0
   286                           
   287     0070                     writeEEPROM@dataEE:	
   288                           ; 1 bytes @ 0x0
   289                           
   290                           
   291                           ; 1 bytes @ 0x0
   292     0070                     	ds	1
   293     0071                     ??_writeEEPROM:
   294     0071                     writeEEPROM@address:	
   295                           ; 1 bytes @ 0x1
   296                           
   297                           
   298                           ; 1 bytes @ 0x1
   299     0071                     	ds	1
   300     0072                     writeEEPROM@INTCON_SAVE:
   301                           
   302                           ; 1 bytes @ 0x2
   303     0072                     	ds	1
   304     0073                     ??_isr:
   305                           
   306                           ; 1 bytes @ 0x3
   307     0073                     	ds	4
   308                           
   309                           	psect	cstackBANK0
   310     0020                     __pcstackBANK0:
   311     0020                     ??_setup:
   312                           
   313                           ; 1 bytes @ 0x0
   314     0020                     	ds	1
   315     0021                     ??_main:
   316                           
   317                           ; 1 bytes @ 0x1
   318     0021                     	ds	1
   319                           
   320                           	psect	maintext
   321     006F                     __pmaintext:	
   322 ;;
   323 ;;Main: autosize = 0, tempsize = 1, incstack = 0, save=0
   324 ;;
   325 ;; *************** function _main *****************
   326 ;; Defined at:
   327 ;;		line 132 in file "Prelab9.c"
   328 ;; Parameters:    Size  Location     Type
   329 ;;		None
   330 ;; Auto vars:     Size  Location     Type
   331 ;;		None
   332 ;; Return value:  Size  Location     Type
   333 ;;                  1    wreg      void 
   334 ;; Registers used:
   335 ;;		wreg, status,2, status,0, pclath, cstack
   336 ;; Tracked objects:
   337 ;;		On entry : B00/0
   338 ;;		On exit  : 0/0
   339 ;;		Unchanged: 0/0
   340 ;; Data sizes:     COMMON   BANK0   BANK1   BANK3   BANK2
   341 ;;      Params:         0       0       0       0       0
   342 ;;      Locals:         0       0       0       0       0
   343 ;;      Temps:          0       1       0       0       0
   344 ;;      Totals:         0       1       0       0       0
   345 ;;Total ram usage:        1 bytes
   346 ;; Hardware stack levels required when called: 3
   347 ;; This function calls:
   348 ;;		_setup
   349 ;; This function is called by:
   350 ;;		Startup code after reset
   351 ;; This function uses a non-reentrant model
   352 ;;
   353                           
   354     006F                     _main:	
   355                           ;psect for function _main
   356                           
   357     006F                     l937:	
   358                           ;incstack = 0
   359                           ; Regs used in _main: [wreg+status,2+status,0+pclath+cstack]
   360                           
   361                           
   362                           ;Prelab9.c: 134:     setup();
   363     006F  120A  118A  20AF  120A  118A  	fcall	_setup
   364     0074                     l939:
   365                           
   366                           ;Prelab9.c: 135:     ADCON0bits.GO =1;
   367     0074  1283               	bcf	3,5	;RP0=0, select bank0
   368     0075  1303               	bcf	3,6	;RP1=0, select bank0
   369     0076  149F               	bsf	31,1	;volatile
   370     0077                     l941:
   371                           
   372                           ;Prelab9.c: 137:     {;Prelab9.c: 138:         if (ADCON0bits.GO ==0){
   373     0077  189F               	btfsc	31,1	;volatile
   374     0078  287A               	goto	u251
   375     0079  287B               	goto	u250
   376     007A                     u251:
   377     007A  289E               	goto	l955
   378     007B                     u250:
   379     007B                     l943:
   380                           
   381                           ;Prelab9.c: 139:             _delay((unsigned long)((50)*(4000000/4000000.0)));
   382     007B  300F               	movlw	15
   383     007C  1283               	bcf	3,5	;RP0=0, select bank0
   384     007D  1303               	bcf	3,6	;RP1=0, select bank0
   385     007E  00A1               	movwf	??_main
   386     007F                     u297:
   387     007F  0BA1               	decfsz	??_main,f
   388     0080  287F               	goto	u297
   389     0081  2882               	nop2
   390     0082                     l945:
   391                           
   392                           ;Prelab9.c: 140:             if (ADCON0bits.CHS == 0)
   393     0082  1283               	bcf	3,5	;RP0=0, select bank0
   394     0083  1303               	bcf	3,6	;RP1=0, select bank0
   395     0084  0C1F               	rrf	31,w	;volatile
   396     0085  00A1               	movwf	??_main
   397     0086  0C21               	rrf	??_main,w
   398     0087  390F               	andlw	15
   399     0088  3A00               	xorlw	0
   400     0089  1D03               	skipz
   401     008A  288C               	goto	u261
   402     008B  288D               	goto	u260
   403     008C                     u261:
   404     008C  2892               	goto	l949
   405     008D                     u260:
   406     008D                     l947:
   407                           
   408                           ;Prelab9.c: 141:                 ADCON0bits.CHS = 1;
   409     008D  081F               	movf	31,w	;volatile
   410     008E  39C3               	andlw	-61
   411     008F  3804               	iorlw	4
   412     0090  009F               	movwf	31	;volatile
   413     0091  2894               	goto	l951
   414     0092                     l949:
   415                           
   416                           ;Prelab9.c: 143:                 ADCON0bits.CHS = 0;
   417     0092  30C3               	movlw	-61
   418     0093  059F               	andwf	31,f	;volatile
   419     0094                     l951:
   420                           
   421                           ;Prelab9.c: 144:             _delay((unsigned long)((50)*(4000000/4000000.0)));
   422     0094  300F               	movlw	15
   423     0095  1283               	bcf	3,5	;RP0=0, select bank0
   424     0096  1303               	bcf	3,6	;RP1=0, select bank0
   425     0097  00A1               	movwf	??_main
   426     0098                     u307:
   427     0098  0BA1               	decfsz	??_main,f
   428     0099  2898               	goto	u307
   429     009A  289B               	nop2
   430     009B                     l953:
   431                           
   432                           ;Prelab9.c: 147:             ADCON0bits.GO =1;
   433     009B  1283               	bcf	3,5	;RP0=0, select bank0
   434     009C  1303               	bcf	3,6	;RP1=0, select bank0
   435     009D  149F               	bsf	31,1	;volatile
   436     009E                     l955:
   437                           
   438                           ;Prelab9.c: 150:         if (!PORTBbits.RB0){
   439     009E  1806               	btfsc	6,0	;volatile
   440     009F  28A1               	goto	u271
   441     00A0  28A2               	goto	u270
   442     00A1                     u271:
   443     00A1  2877               	goto	l941
   444     00A2                     u270:
   445     00A2  28A5               	goto	l111
   446     00A3                     l112:
   447     00A3  0063               	sleep	;# 
   448                           
   449                           ;Prelab9.c: 154:             INTCONbits.RBIF = 0;
   450     00A4  100B               	bcf	11,0	;volatile
   451     00A5                     l111:	
   452                           ;Prelab9.c: 155:             }
   453                           
   454                           
   455                           ;Prelab9.c: 151:             while (!RB0){
   456     00A5  1283               	bcf	3,5	;RP0=0, select bank0
   457     00A6  1303               	bcf	3,6	;RP1=0, select bank0
   458     00A7  1C06               	btfss	6,0	;volatile
   459     00A8  28AA               	goto	u281
   460     00A9  28AB               	goto	u280
   461     00AA                     u281:
   462     00AA  28A3               	goto	l112
   463     00AB                     u280:
   464     00AB  2877               	goto	l941
   465     00AC  120A  118A  280C   	ljmp	start
   466     00AF                     __end_of_main:
   467                           
   468                           	psect	text1
   469     00AF                     __ptext1:	
   470 ;; *************** function _setup *****************
   471 ;; Defined at:
   472 ;;		line 171 in file "Prelab9.c"
   473 ;; Parameters:    Size  Location     Type
   474 ;;		None
   475 ;; Auto vars:     Size  Location     Type
   476 ;;		None
   477 ;; Return value:  Size  Location     Type
   478 ;;                  1    wreg      void 
   479 ;; Registers used:
   480 ;;		wreg, status,2, status,0
   481 ;; Tracked objects:
   482 ;;		On entry : 0/0
   483 ;;		On exit  : 0/0
   484 ;;		Unchanged: 0/0
   485 ;; Data sizes:     COMMON   BANK0   BANK1   BANK3   BANK2
   486 ;;      Params:         0       0       0       0       0
   487 ;;      Locals:         0       0       0       0       0
   488 ;;      Temps:          0       1       0       0       0
   489 ;;      Totals:         0       1       0       0       0
   490 ;;Total ram usage:        1 bytes
   491 ;; Hardware stack levels used: 1
   492 ;; Hardware stack levels required when called: 2
   493 ;; This function calls:
   494 ;;		Nothing
   495 ;; This function is called by:
   496 ;;		_main
   497 ;; This function uses a non-reentrant model
   498 ;;
   499                           
   500     00AF                     _setup:	
   501                           ;psect for function _setup
   502                           
   503     00AF                     l857:	
   504                           ;incstack = 0
   505                           ; Regs used in _setup: [wreg+status,2+status,0]
   506                           
   507                           
   508                           ;Prelab9.c: 172:     ANSEL = 0b00000011;
   509     00AF  3003               	movlw	3
   510     00B0  1683               	bsf	3,5	;RP0=1, select bank3
   511     00B1  1703               	bsf	3,6	;RP1=1, select bank3
   512     00B2  0088               	movwf	8	;volatile
   513     00B3                     l859:
   514                           
   515                           ;Prelab9.c: 173:     ANSELH = 0;
   516     00B3  0189               	clrf	9	;volatile
   517     00B4                     l861:
   518                           
   519                           ;Prelab9.c: 175:     TRISC = 0;
   520     00B4  1683               	bsf	3,5	;RP0=1, select bank1
   521     00B5  1303               	bcf	3,6	;RP1=0, select bank1
   522     00B6  0187               	clrf	7	;volatile
   523                           
   524                           ;Prelab9.c: 176:     TRISB = 0b11111111;
   525     00B7  30FF               	movlw	255
   526     00B8  0086               	movwf	6	;volatile
   527     00B9                     l863:
   528                           
   529                           ;Prelab9.c: 177:     TRISD = 0;
   530     00B9  0188               	clrf	8	;volatile
   531     00BA                     l865:
   532                           
   533                           ;Prelab9.c: 178:     TRISE = 0;
   534     00BA  0189               	clrf	9	;volatile
   535     00BB                     l867:
   536                           
   537                           ;Prelab9.c: 179:     OPTION_REGbits.nRBPU = 0;
   538     00BB  1381               	bcf	1,7	;volatile
   539                           
   540                           ;Prelab9.c: 180:     WPUB = 0b1111;
   541     00BC  300F               	movlw	15
   542     00BD  0095               	movwf	21	;volatile
   543                           
   544                           ;Prelab9.c: 181:    IOCB= 0b01111111;
   545     00BE  307F               	movlw	127
   546     00BF  0096               	movwf	22	;volatile
   547     00C0                     l869:
   548                           
   549                           ;Prelab9.c: 182:     PORTB = 0;
   550     00C0  1283               	bcf	3,5	;RP0=0, select bank0
   551     00C1  1303               	bcf	3,6	;RP1=0, select bank0
   552     00C2  0186               	clrf	6	;volatile
   553     00C3                     l871:
   554                           
   555                           ;Prelab9.c: 183:     PORTC = 0;
   556     00C3  0187               	clrf	7	;volatile
   557     00C4                     l873:
   558                           
   559                           ;Prelab9.c: 184:     PORTD = 0;
   560     00C4  0188               	clrf	8	;volatile
   561     00C5                     l875:
   562                           
   563                           ;Prelab9.c: 185:     PORTE = 0;
   564     00C5  0189               	clrf	9	;volatile
   565     00C6                     l877:
   566                           
   567                           ;Prelab9.c: 188:     OSCCONbits.IRCF = 0b0111;
   568     00C6  3070               	movlw	112
   569     00C7  1683               	bsf	3,5	;RP0=1, select bank1
   570     00C8  1303               	bcf	3,6	;RP1=0, select bank1
   571     00C9  048F               	iorwf	15,f	;volatile
   572     00CA                     l879:
   573                           
   574                           ;Prelab9.c: 189:     OSCCONbits.SCS = 1;
   575     00CA  140F               	bsf	15,0	;volatile
   576     00CB                     l881:
   577                           
   578                           ;Prelab9.c: 192:     ADCON1bits.ADFM = 0;
   579     00CB  139F               	bcf	31,7	;volatile
   580     00CC                     l883:
   581                           
   582                           ;Prelab9.c: 193:     ADCON1bits.VCFG0 = 0;
   583     00CC  121F               	bcf	31,4	;volatile
   584     00CD                     l885:
   585                           
   586                           ;Prelab9.c: 194:     ADCON1bits.VCFG1 = 0;
   587     00CD  129F               	bcf	31,5	;volatile
   588     00CE                     l887:
   589                           
   590                           ;Prelab9.c: 196:     ADCON0bits.ADCS = 0b01;
   591     00CE  1283               	bcf	3,5	;RP0=0, select bank0
   592     00CF  1303               	bcf	3,6	;RP1=0, select bank0
   593     00D0  081F               	movf	31,w	;volatile
   594     00D1  393F               	andlw	-193
   595     00D2  3840               	iorlw	64
   596     00D3  009F               	movwf	31	;volatile
   597     00D4                     l889:
   598                           
   599                           ;Prelab9.c: 197:     ADCON0bits.CHS = 1;
   600     00D4  081F               	movf	31,w	;volatile
   601     00D5  39C3               	andlw	-61
   602     00D6  3804               	iorlw	4
   603     00D7  009F               	movwf	31	;volatile
   604     00D8                     l891:
   605                           
   606                           ;Prelab9.c: 198:     ADCON0bits.ADON= 1;
   607     00D8  141F               	bsf	31,0	;volatile
   608     00D9                     l893:
   609                           
   610                           ;Prelab9.c: 199:     _delay((unsigned long)((50)*(4000000/4000000.0)));
   611     00D9  300F               	movlw	15
   612     00DA  1283               	bcf	3,5	;RP0=0, select bank0
   613     00DB  1303               	bcf	3,6	;RP1=0, select bank0
   614     00DC  00A0               	movwf	??_setup
   615     00DD                     u317:
   616     00DD  0BA0               	decfsz	??_setup,f
   617     00DE  28DD               	goto	u317
   618     00DF  28E0               	nop2
   619     00E0                     l895:
   620                           
   621                           ;Prelab9.c: 203:     PIR1bits.TMR2IF =0;
   622     00E0  1283               	bcf	3,5	;RP0=0, select bank0
   623     00E1  1303               	bcf	3,6	;RP1=0, select bank0
   624     00E2  108C               	bcf	12,1	;volatile
   625                           
   626                           ;Prelab9.c: 204:     T2CONbits.T2CKPS = 0b11;
   627     00E3  3003               	movlw	3
   628     00E4  0492               	iorwf	18,f	;volatile
   629     00E5                     l897:
   630                           
   631                           ;Prelab9.c: 205:     T2CONbits.TMR2ON = 1;
   632     00E5  1512               	bsf	18,2	;volatile
   633     00E6                     l899:
   634                           
   635                           ;Prelab9.c: 210:     PIR1bits.ADIF = 0;
   636     00E6  130C               	bcf	12,6	;volatile
   637     00E7                     l901:
   638                           
   639                           ;Prelab9.c: 211:     PIE1bits.ADIE = 1;
   640     00E7  1683               	bsf	3,5	;RP0=1, select bank1
   641     00E8  1303               	bcf	3,6	;RP1=0, select bank1
   642     00E9  170C               	bsf	12,6	;volatile
   643     00EA                     l903:
   644                           
   645                           ;Prelab9.c: 213:     INTCONbits.RBIE = 0;
   646     00EA  118B               	bcf	11,3	;volatile
   647     00EB                     l905:
   648                           
   649                           ;Prelab9.c: 214:     INTCONbits.RBIF = 1;
   650     00EB  140B               	bsf	11,0	;volatile
   651     00EC                     l907:
   652                           
   653                           ;Prelab9.c: 216:     INTCONbits.PEIE = 1;
   654     00EC  170B               	bsf	11,6	;volatile
   655     00ED                     l909:
   656                           
   657                           ;Prelab9.c: 217:     INTCONbits.GIE = 1;
   658     00ED  178B               	bsf	11,7	;volatile
   659     00EE                     l119:
   660     00EE  0008               	return
   661     00EF                     __end_of_setup:
   662                           
   663                           	psect	text2
   664     0017                     __ptext2:	
   665 ;; *************** function _isr *****************
   666 ;; Defined at:
   667 ;;		line 83 in file "Prelab9.c"
   668 ;; Parameters:    Size  Location     Type
   669 ;;		None
   670 ;; Auto vars:     Size  Location     Type
   671 ;;		None
   672 ;; Return value:  Size  Location     Type
   673 ;;                  1    wreg      void 
   674 ;; Registers used:
   675 ;;		wreg, status,2, status,0, pclath, cstack
   676 ;; Tracked objects:
   677 ;;		On entry : 0/0
   678 ;;		On exit  : 0/0
   679 ;;		Unchanged: 0/0
   680 ;; Data sizes:     COMMON   BANK0   BANK1   BANK3   BANK2
   681 ;;      Params:         0       0       0       0       0
   682 ;;      Locals:         0       0       0       0       0
   683 ;;      Temps:          4       0       0       0       0
   684 ;;      Totals:         4       0       0       0       0
   685 ;;Total ram usage:        4 bytes
   686 ;; Hardware stack levels used: 1
   687 ;; Hardware stack levels required when called: 1
   688 ;; This function calls:
   689 ;;		_readEEPROM
   690 ;;		_writeEEPROM
   691 ;; This function is called by:
   692 ;;		Interrupt level 1
   693 ;; This function uses a non-reentrant model
   694 ;;
   695                           
   696     0017                     _isr:	
   697                           ;psect for function _isr
   698                           
   699     0017                     i1l911:
   700                           
   701                           ;Prelab9.c: 85:     if(PIR1bits.ADIF){
   702     0017  1283               	bcf	3,5	;RP0=0, select bank0
   703     0018  1303               	bcf	3,6	;RP1=0, select bank0
   704     0019  1F0C               	btfss	12,6	;volatile
   705     001A  281C               	goto	u16_21
   706     001B  281D               	goto	u16_20
   707     001C                     u16_21:
   708     001C  283D               	goto	i1l923
   709     001D                     u16_20:
   710     001D                     i1l913:
   711                           
   712                           ;Prelab9.c: 87:         if (ADCON0bits.CHS ==1){
   713     001D  0C1F               	rrf	31,w	;volatile
   714     001E  00F3               	movwf	??_isr
   715     001F  0C73               	rrf	??_isr,w
   716     0020  390F               	andlw	15
   717     0021  3A01               	xorlw	1
   718     0022  1D03               	skipz
   719     0023  2825               	goto	u17_21
   720     0024  2826               	goto	u17_20
   721     0025                     u17_21:
   722     0025  2828               	goto	i1l917
   723     0026                     u17_20:
   724     0026                     i1l915:
   725                           
   726                           ;Prelab9.c: 88:             __nop();
   727     0026  0000               	nop
   728                           
   729                           ;Prelab9.c: 91:         }
   730     0027  283A               	goto	i1l921
   731     0028                     i1l917:
   732     0028  0C1F               	rrf	31,w	;volatile
   733     0029  00F3               	movwf	??_isr
   734     002A  0C73               	rrf	??_isr,w
   735     002B  390F               	andlw	15
   736     002C  3A00               	xorlw	0
   737     002D  1D03               	skipz
   738     002E  2830               	goto	u18_21
   739     002F  2831               	goto	u18_20
   740     0030                     u18_21:
   741     0030  283A               	goto	i1l921
   742     0031                     u18_20:
   743     0031                     i1l919:
   744                           
   745                           ;Prelab9.c: 93:             PORTC = ADRESH;
   746     0031  081E               	movf	30,w	;volatile
   747     0032  0087               	movwf	7	;volatile
   748                           
   749                           ;Prelab9.c: 94:             valpot = ADRESH;
   750     0033  081E               	movf	30,w	;volatile
   751     0034  00F3               	movwf	??_isr
   752     0035  01F4               	clrf	??_isr+1
   753     0036  0873               	movf	??_isr,w
   754     0037  00F7               	movwf	_valpot
   755     0038  0874               	movf	??_isr+1,w
   756     0039  00F8               	movwf	_valpot+1
   757     003A                     i1l921:
   758                           
   759                           ;Prelab9.c: 96:          PIR1bits.ADIF =0;
   760     003A  1283               	bcf	3,5	;RP0=0, select bank0
   761     003B  1303               	bcf	3,6	;RP1=0, select bank0
   762     003C  130C               	bcf	12,6	;volatile
   763     003D                     i1l923:
   764                           
   765                           ;Prelab9.c: 102:     if (INTCONbits.RBIF ){
   766     003D  1C0B               	btfss	11,0	;volatile
   767     003E  2840               	goto	u19_21
   768     003F  2841               	goto	u19_20
   769     0040                     u19_21:
   770     0040  2868               	goto	i1l101
   771     0041                     u19_20:
   772     0041                     i1l925:
   773                           
   774                           ;Prelab9.c: 111:         if (PORTBbits.RB1 == 0 || INTCONbits.RBIF == 0){
   775     0041  1C86               	btfss	6,1	;volatile
   776     0042  2844               	goto	u20_21
   777     0043  2845               	goto	u20_20
   778     0044                     u20_21:
   779     0044  2849               	goto	i1l94
   780     0045                     u20_20:
   781     0045                     i1l927:
   782     0045  180B               	btfsc	11,0	;volatile
   783     0046  2848               	goto	u21_21
   784     0047  2849               	goto	u21_20
   785     0048                     u21_21:
   786     0048  284E               	goto	i1l91
   787     0049                     u21_20:
   788     0049                     i1l94:
   789     0049  1C86               	btfss	6,1	;volatile
   790     004A  284C               	goto	u22_21
   791     004B  284D               	goto	u22_20
   792     004C                     u22_21:
   793     004C  2849               	goto	i1l94
   794     004D                     u22_20:
   795     004D                     i1l96:
   796                           
   797                           ;Prelab9.c: 113:                 INTCONbits.RBIF = 0;
   798     004D  100B               	bcf	11,0	;volatile
   799     004E                     i1l91:	
   800                           ;Prelab9.c: 116:         }
   801                           
   802                           
   803                           ;Prelab9.c: 117:     if (!PORTBbits.RB2){
   804     004E  1906               	btfsc	6,2	;volatile
   805     004F  2851               	goto	u23_21
   806     0050  2852               	goto	u23_20
   807     0051                     u23_21:
   808     0051  2868               	goto	i1l101
   809     0052                     u23_20:
   810     0052  2864               	goto	i1l935
   811     0053                     i1l931:
   812                           
   813                           ;Prelab9.c: 120:                 writeEEPROM(valadr, valpot);
   814     0053  0877               	movf	_valpot,w
   815     0054  00F0               	movwf	writeEEPROM@dataEE
   816     0055  0879               	movf	_valadr,w
   817     0056  120A  118A  20EF  120A  118A  	fcall	_writeEEPROM
   818     005B                     i1l933:
   819                           
   820                           ;Prelab9.c: 121:                 PORTD = readEEPROM(valadr);
   821     005B  0879               	movf	_valadr,w
   822     005C  120A  118A  210F  120A  118A  	fcall	_readEEPROM
   823     0061  1283               	bcf	3,5	;RP0=0, select bank0
   824     0062  1303               	bcf	3,6	;RP1=0, select bank0
   825     0063  0088               	movwf	8	;volatile
   826     0064                     i1l935:
   827                           
   828                           ;Prelab9.c: 118:             while (!RB2){
   829     0064  1D06               	btfss	6,2	;volatile
   830     0065  2867               	goto	u24_21
   831     0066  2868               	goto	u24_20
   832     0067                     u24_21:
   833     0067  2853               	goto	i1l931
   834     0068                     u24_20:
   835     0068                     i1l101:
   836     0068  0876               	movf	??_isr+3,w
   837     0069  008A               	movwf	10
   838     006A  0E75               	swapf	??_isr+2,w
   839     006B  0083               	movwf	3
   840     006C  0EFE               	swapf	btemp,f
   841     006D  0E7E               	swapf	btemp,w
   842     006E  0009               	retfie
   843     006F                     __end_of_isr:
   844                           
   845                           	psect	intentry
   846     0004                     __pintentry:	
   847                           ;incstack = 0
   848                           ; Regs used in _isr: [wreg+status,2+status,0+pclath+cstack]
   849                           
   850     0004                     interrupt_function:
   851     007E                     saved_w	set	btemp
   852     0004  00FE               	movwf	btemp
   853     0005  0E03               	swapf	3,w
   854     0006  00F5               	movwf	??_isr+2
   855     0007  080A               	movf	10,w
   856     0008  00F6               	movwf	??_isr+3
   857     0009  120A  118A  2817   	ljmp	_isr
   858                           
   859                           	psect	text3
   860     00EF                     __ptext3:	
   861 ;; *************** function _writeEEPROM *****************
   862 ;; Defined at:
   863 ;;		line 56 in file "Prelab9.c"
   864 ;; Parameters:    Size  Location     Type
   865 ;;  address         1    wreg     unsigned char 
   866 ;;  dataEE          1    0[COMMON] unsigned char 
   867 ;; Auto vars:     Size  Location     Type
   868 ;;  address         1    1[COMMON] unsigned char 
   869 ;;  INTCON_SAVE     1    2[COMMON] unsigned char 
   870 ;; Return value:  Size  Location     Type
   871 ;;                  1    wreg      void 
   872 ;; Registers used:
   873 ;;		wreg, status,2
   874 ;; Tracked objects:
   875 ;;		On entry : 0/0
   876 ;;		On exit  : 0/0
   877 ;;		Unchanged: 0/0
   878 ;; Data sizes:     COMMON   BANK0   BANK1   BANK3   BANK2
   879 ;;      Params:         1       0       0       0       0
   880 ;;      Locals:         2       0       0       0       0
   881 ;;      Temps:          0       0       0       0       0
   882 ;;      Totals:         3       0       0       0       0
   883 ;;Total ram usage:        3 bytes
   884 ;; Hardware stack levels used: 1
   885 ;; This function calls:
   886 ;;		Nothing
   887 ;; This function is called by:
   888 ;;		_isr
   889 ;; This function uses a non-reentrant model
   890 ;;
   891                           
   892     00EF                     _writeEEPROM:	
   893                           ;psect for function _writeEEPROM
   894                           
   895                           
   896                           ;incstack = 0
   897                           ; Regs used in _writeEEPROM: [wreg+status,2]
   898                           ;writeEEPROM@address stored from wreg
   899     00EF  00F1               	movwf	writeEEPROM@address
   900     00F0                     i1l839:
   901                           
   902                           ;Prelab9.c: 56: void writeEEPROM(unsigned char address, unsigned char dataEE);Prelab9.c:
      +                           57: {;Prelab9.c: 58:   unsigned char INTCON_SAVE;;Prelab9.c: 59:   EEADR = address;
   903     00F0  0871               	movf	writeEEPROM@address,w
   904     00F1  1283               	bcf	3,5	;RP0=0, select bank2
   905     00F2  1703               	bsf	3,6	;RP1=1, select bank2
   906     00F3  008D               	movwf	13	;volatile
   907                           
   908                           ;Prelab9.c: 60:   EEDATA = dataEE;
   909     00F4  0870               	movf	writeEEPROM@dataEE,w
   910     00F5  008C               	movwf	12	;volatile
   911     00F6                     i1l841:
   912                           
   913                           ;Prelab9.c: 61:   EECON1bits.EEPGD = 0;
   914     00F6  1683               	bsf	3,5	;RP0=1, select bank3
   915     00F7  1703               	bsf	3,6	;RP1=1, select bank3
   916     00F8  138C               	bcf	12,7	;volsfr
   917     00F9                     i1l843:
   918                           
   919                           ;Prelab9.c: 62:   EECON1bits.WREN = 1;
   920     00F9  150C               	bsf	12,2	;volsfr
   921                           
   922                           ;Prelab9.c: 63:   INTCON_SAVE=INTCON;
   923     00FA  080B               	movf	11,w	;volatile
   924     00FB  00F2               	movwf	writeEEPROM@INTCON_SAVE
   925     00FC                     i1l845:
   926                           
   927                           ;Prelab9.c: 64:   INTCON=0;
   928     00FC  018B               	clrf	11	;volatile
   929     00FD                     i1l847:
   930                           
   931                           ;Prelab9.c: 65:   EECON2=0x55;
   932     00FD  3055               	movlw	85
   933     00FE  008D               	movwf	13	;volsfr
   934     00FF                     i1l849:
   935                           
   936                           ;Prelab9.c: 66:   EECON2=0xAA;
   937     00FF  30AA               	movlw	170
   938     0100  008D               	movwf	13	;volsfr
   939     0101                     i1l851:
   940                           
   941                           ;Prelab9.c: 67:   EECON1bits.WR = 1;
   942     0101  148C               	bsf	12,1	;volsfr
   943     0102                     i1l853:
   944                           
   945                           ;Prelab9.c: 68:   INTCON = INTCON_SAVE;
   946     0102  0872               	movf	writeEEPROM@INTCON_SAVE,w
   947     0103  008B               	movwf	11	;volatile
   948     0104                     i1l855:
   949                           
   950                           ;Prelab9.c: 69:   EECON1bits.WREN = 0;
   951     0104  110C               	bcf	12,2	;volsfr
   952                           
   953                           ;Prelab9.c: 70:   while(PIR2bits.EEIF == 0)
   954     0105  2907               	goto	i1l78
   955     0106                     i1l79:
   956                           
   957                           ;Prelab9.c: 71:   {;Prelab9.c: 72:     __nop();
   958     0106  0000               	nop
   959     0107                     i1l78:	
   960                           ;Prelab9.c: 73:   }
   961                           
   962                           
   963                           ;Prelab9.c: 70:   while(PIR2bits.EEIF == 0)
   964     0107  1283               	bcf	3,5	;RP0=0, select bank0
   965     0108  1303               	bcf	3,6	;RP1=0, select bank0
   966     0109  1E0D               	btfss	13,4	;volatile
   967     010A  290C               	goto	u15_21
   968     010B  290D               	goto	u15_20
   969     010C                     u15_21:
   970     010C  2906               	goto	i1l79
   971     010D                     u15_20:
   972     010D                     i1l80:
   973                           
   974                           ;Prelab9.c: 74:   PIR2bits.EEIF = 0;
   975     010D  120D               	bcf	13,4	;volatile
   976     010E                     i1l81:
   977     010E  0008               	return
   978     010F                     __end_of_writeEEPROM:
   979                           
   980                           	psect	text4
   981     010F                     __ptext4:	
   982 ;; *************** function _readEEPROM *****************
   983 ;; Defined at:
   984 ;;		line 47 in file "Prelab9.c"
   985 ;; Parameters:    Size  Location     Type
   986 ;;  address         1    wreg     unsigned char 
   987 ;; Auto vars:     Size  Location     Type
   988 ;;  address         1    0[COMMON] unsigned char 
   989 ;; Return value:  Size  Location     Type
   990 ;;                  1    wreg      unsigned char 
   991 ;; Registers used:
   992 ;;		wreg
   993 ;; Tracked objects:
   994 ;;		On entry : 0/0
   995 ;;		On exit  : 0/0
   996 ;;		Unchanged: 0/0
   997 ;; Data sizes:     COMMON   BANK0   BANK1   BANK3   BANK2
   998 ;;      Params:         0       0       0       0       0
   999 ;;      Locals:         1       0       0       0       0
  1000 ;;      Temps:          0       0       0       0       0
  1001 ;;      Totals:         1       0       0       0       0
  1002 ;;Total ram usage:        1 bytes
  1003 ;; Hardware stack levels used: 1
  1004 ;; This function calls:
  1005 ;;		Nothing
  1006 ;; This function is called by:
  1007 ;;		_isr
  1008 ;; This function uses a non-reentrant model
  1009 ;;
  1010                           
  1011     010F                     _readEEPROM:	
  1012                           ;psect for function _readEEPROM
  1013                           
  1014                           
  1015                           ;incstack = 0
  1016                           ; Regs used in _readEEPROM: [wreg]
  1017                           ;readEEPROM@address stored from wreg
  1018     010F  00F0               	movwf	readEEPROM@address
  1019     0110                     i1l711:
  1020                           
  1021                           ;Prelab9.c: 47: unsigned char readEEPROM(unsigned char address);Prelab9.c: 48: {;Prelab9
      +                          .c: 50:   EEADR = address;
  1022     0110  0870               	movf	readEEPROM@address,w
  1023     0111  1283               	bcf	3,5	;RP0=0, select bank2
  1024     0112  1703               	bsf	3,6	;RP1=1, select bank2
  1025     0113  008D               	movwf	13	;volatile
  1026     0114                     i1l713:
  1027                           
  1028                           ;Prelab9.c: 51:   EECON1bits.EEPGD = 0;
  1029     0114  1683               	bsf	3,5	;RP0=1, select bank3
  1030     0115  1703               	bsf	3,6	;RP1=1, select bank3
  1031     0116  138C               	bcf	12,7	;volsfr
  1032     0117                     i1l715:
  1033                           
  1034                           ;Prelab9.c: 52:   EECON1bits.RD = 1;
  1035     0117  140C               	bsf	12,0	;volsfr
  1036                           
  1037                           ;Prelab9.c: 53:   return EEDATA;
  1038     0118  1283               	bcf	3,5	;RP0=0, select bank2
  1039     0119  1703               	bsf	3,6	;RP1=1, select bank2
  1040     011A  080C               	movf	12,w	;volatile
  1041     011B                     i1l75:
  1042     011B  0008               	return
  1043     011C                     __end_of_readEEPROM:
  1044     007E                     btemp	set	126	;btemp
  1045     007E                     wtemp0	set	126
  1046                           
  1047                           	psect	idloc
  1048                           
  1049                           ;Config register IDLOC0 @ 0x2000
  1050                           ;	unspecified, using default values
  1051     2000                     	org	8192
  1052     2000  3FFF               	dw	16383
  1053                           
  1054                           ;Config register IDLOC1 @ 0x2001
  1055                           ;	unspecified, using default values
  1056     2001                     	org	8193
  1057     2001  3FFF               	dw	16383
  1058                           
  1059                           ;Config register IDLOC2 @ 0x2002
  1060                           ;	unspecified, using default values
  1061     2002                     	org	8194
  1062     2002  3FFF               	dw	16383
  1063                           
  1064                           ;Config register IDLOC3 @ 0x2003
  1065                           ;	unspecified, using default values
  1066     2003                     	org	8195
  1067     2003  3FFF               	dw	16383
  1068                           
  1069                           	psect	config
  1070                           
  1071                           ;Config register CONFIG1 @ 0x2007
  1072                           ;	Oscillator Selection bits
  1073                           ;	FOSC = INTRC_CLKOUT, INTOSC oscillator: CLKOUT function on RA6/OSC2/CLKOUT pin, I/O fu
      +                          nction on RA7/OSC1/CLKIN
  1074                           ;	Watchdog Timer Enable bit
  1075                           ;	WDTE = OFF, WDT disabled and can be enabled by SWDTEN bit of the WDTCON register
  1076                           ;	Power-up Timer Enable bit
  1077                           ;	PWRTE = OFF, PWRT disabled
  1078                           ;	RE3/MCLR pin function select bit
  1079                           ;	MCLRE = OFF, RE3/MCLR pin function is digital input, MCLR internally tied to VDD
  1080                           ;	Code Protection bit
  1081                           ;	CP = OFF, Program memory code protection is disabled
  1082                           ;	Data Code Protection bit
  1083                           ;	CPD = OFF, Data memory code protection is disabled
  1084                           ;	Brown Out Reset Selection bits
  1085                           ;	BOREN = OFF, BOR disabled
  1086                           ;	Internal External Switchover bit
  1087                           ;	IESO = OFF, Internal/External Switchover mode is disabled
  1088                           ;	Fail-Safe Clock Monitor Enabled bit
  1089                           ;	FCMEN = ON, Fail-Safe Clock Monitor is enabled
  1090                           ;	Low Voltage Programming Enable bit
  1091                           ;	LVP = ON, RB3/PGM pin has PGM function, low voltage programming enabled
  1092                           ;	In-Circuit Debugger Mode bit
  1093                           ;	DEBUG = 0x1, unprogrammed default
  1094     2007                     	org	8199
  1095     2007  38D5               	dw	14549
  1096                           
  1097                           ;Config register CONFIG2 @ 0x2008
  1098                           ;	Brown-out Reset Selection bit
  1099                           ;	BOR4V = BOR40V, Brown-out Reset set to 4.0V
  1100                           ;	Flash Program Memory Self Write Enable bits
  1101                           ;	WRT = OFF, Write protection off
  1102     2008                     	org	8200
  1103     2008  3FFF               	dw	16383

Data Sizes:
    Strings     0
    Constant    0
    Data        0
    BSS         4
    Persistent  0
    Stack       0

Auto Spaces:
    Space          Size  Autos    Used
    COMMON           14      7      11
    BANK0            80      2       2
    BANK1            80      0       0
    BANK3            96      0       0
    BANK2            96      0       0

Pointer List with Targets:

    None.

Critical Paths under _main in COMMON

    None.

Critical Paths under _isr in COMMON

    _isr->_writeEEPROM

Critical Paths under _main in BANK0

    _main->_setup

Critical Paths under _isr in BANK0

    None.

Critical Paths under _main in BANK1

    None.

Critical Paths under _isr in BANK1

    None.

Critical Paths under _main in BANK3

    None.

Critical Paths under _isr in BANK3

    None.

Critical Paths under _main in BANK2

    None.

Critical Paths under _isr in BANK2

    None.

Call Graph Tables:

 ---------------------------------------------------------------------------------
 (Depth) Function   	        Calls       Base Space   Used Autos Params    Refs
 ---------------------------------------------------------------------------------
 (0) _main                                                 1     1      0       0
                                              1 BANK0      1     1      0
                              _setup
 ---------------------------------------------------------------------------------
 (1) _setup                                                1     1      0       0
                                              0 BANK0      1     1      0
 ---------------------------------------------------------------------------------
 Estimated maximum stack depth 1
 ---------------------------------------------------------------------------------
 (Depth) Function   	        Calls       Base Space   Used Autos Params    Refs
 ---------------------------------------------------------------------------------
 (2) _isr                                                  4     4      0     158
                                              3 COMMON     4     4      0
                         _readEEPROM
                        _writeEEPROM
 ---------------------------------------------------------------------------------
 (3) _writeEEPROM                                          3     2      1     143
                                              0 COMMON     3     2      1
 ---------------------------------------------------------------------------------
 (3) _readEEPROM                                           1     1      0      15
                                              0 COMMON     1     1      0
 ---------------------------------------------------------------------------------
 Estimated maximum stack depth 3
 ---------------------------------------------------------------------------------

 Call Graph Graphs:

 _main (ROOT)
   _setup

 _isr (ROOT)
   _readEEPROM
   _writeEEPROM

 Address spaces:
Name               Size   Autos  Total    Cost      Usage
BITCOMMON            E      0       0       0        0.0%
EEDATA             100      0       0       0        0.0%
NULL                 0      0       0       0        0.0%
CODE                 0      0       0       0        0.0%
COMMON               E      7       B       1       78.6%
BITSFR0              0      0       0       1        0.0%
SFR0                 0      0       0       1        0.0%
BITSFR1              0      0       0       2        0.0%
SFR1                 0      0       0       2        0.0%
STACK                0      0       0       2        0.0%
ABS                  0      0       D       3        0.0%
BITBANK0            50      0       0       4        0.0%
BITSFR3              0      0       0       4        0.0%
SFR3                 0      0       0       4        0.0%
BANK0               50      2       2       5        2.5%
BITSFR2              0      0       0       5        0.0%
SFR2                 0      0       0       5        0.0%
BITBANK1            50      0       0       6        0.0%
BANK1               50      0       0       7        0.0%
BITBANK3            60      0       0       8        0.0%
BANK3               60      0       0       9        0.0%
BITBANK2            60      0       0      10        0.0%
BANK2               60      0       0      11        0.0%
DATA                 0      0       D      12        0.0%


Microchip Technology PIC Macro Assembler V2.40 build 20220703182018 
Symbol Table                                                                                   Mon Apr 24 22:29:44 2023

                    l111 00A5                      l112 00A3                      l119 00EE  
                    l901 00E7                      l903 00EA                      l905 00EB  
                    l907 00EC                      l909 00ED                      l861 00B4  
                    l941 0077                      l871 00C3                      l863 00B9  
                    l951 0094                      l943 007B                      l881 00CB  
                    l873 00C4                      l865 00BA                      l857 00AF  
                    l953 009B                      l945 0082                      l937 006F  
                    l891 00D8                      l883 00CC                      l875 00C5  
                    l867 00BB                      l859 00B3                      l947 008D  
                    l955 009E                      l939 0074                      l893 00D9  
                    l885 00CD                      l877 00C6                      l869 00C0  
                    l949 0092                      l895 00E0                      l887 00CE  
                    l879 00CA                      l897 00E5                      l889 00D4  
                    l899 00E6                      _RB0 0030                      _RB1 0031  
                    _RB2 0032                      u250 007B                      u307 0098  
                    u251 007A                      u260 008D                      u317 00DD  
                    u261 008C                      u270 00A2                      u271 00A1  
                    u280 00AB                      u281 00AA                      u297 007F  
                    _isr 0017        writeEEPROM@dataEE 0070                     ?_isr 0070  
                   _IOCB 0096                     i1l80 010D                     i1l81 010E  
                   i1l75 011B                     i1l91 004E                     i1l78 0107  
                   i1l94 0049                     i1l79 0106                     i1l96 004D  
                   _WPUB 0095                     _main 006F                     btemp 007E  
                   start 000C              _writeEEPROM 00EF                    ??_isr 0073  
     writeEEPROM@address 0071                    ?_main 0070                    _EEADR 010D  
                  _ANSEL 0188                    i1l101 0068                    i1l711 0110  
                  i1l713 0114                    i1l715 0117                    i1l911 0017  
                  i1l841 00F6                    i1l921 003A                    i1l913 001D  
                  i1l851 0101                    i1l843 00F9                    i1l931 0053  
                  i1l915 0026                    i1l923 003D                    i1l853 0102  
                  i1l845 00FC                    i1l933 005B                    i1l925 0041  
                  i1l917 0028                    i1l855 0104                    i1l847 00FD  
                  i1l839 00F0                    i1l935 0064                    i1l927 0045  
                  i1l919 0031                    i1l849 00FF                    u20_20 0045  
                  u20_21 0044                    u21_20 0049                    u21_21 0048  
                  u22_20 004D                    u22_21 004C                    u15_20 010D  
                  u23_20 0052                    u15_21 010C                    u23_21 0051  
                  u24_20 0068                    u16_20 001D                    u24_21 0067  
                  u16_21 001C                    u17_20 0026                    u17_21 0025  
                  u18_20 0031                    u18_21 0030                    u19_20 0041  
                  u19_21 0040                    _PORTB 0006                    _PORTC 0007  
                  _PORTD 0008                    _PORTE 0009                    _TRISB 0086  
                  _TRISC 0087                    _TRISD 0088                    _TRISE 0089  
                  _setup 00AF                    pclath 000A                    status 0003  
                  wtemp0 007E          __initialization 000F             __end_of_main 00AF  
                 ??_main 0021                   _ADRESH 001E                   _EEDATA 010C  
                 _EECON2 018D                   ?_setup 0070                   _ANSELH 0189  
                 _INTCON 000B                   _valadr 0079                   _valpot 0077  
                 saved_w 007E  __end_of__initialization 0013           __pcstackCOMMON 0070  
          __end_of_setup 00EF           _OPTION_REGbits 0081                  ??_setup 0020  
             __pmaintext 006F             ?_writeEEPROM 0070               __pintentry 0004  
             _readEEPROM 010F                  __ptext1 00AF                  __ptext2 0017  
                __ptext3 00EF                  __ptext4 010F                _T2CONbits 0012  
   end_of_initialization 0013                _PORTBbits 0006        readEEPROM@address 0070  
            ?_readEEPROM 0070   writeEEPROM@INTCON_SAVE 0072      start_initialization 000F  
            __end_of_isr 006F              __pbssCOMMON 0077                ___latbits 0002  
          __pcstackBANK0 0020        interrupt_function 0004                 _PIE1bits 008C  
               _PIR1bits 000C                 _PIR2bits 000D               _ADCON0bits 001F  
             _ADCON1bits 009F             ??_readEEPROM 0070               _EECON1bits 018C  
     __end_of_readEEPROM 011C            ??_writeEEPROM 0071               _INTCONbits 000B  
               intlevel1 0000               _OSCCONbits 008F      __end_of_writeEEPROM 010F  
